2017-07-31 17:40:18.443  INFO 8520 --- [restartedMain] com.xx.test.App                          : Starting App on pc-PC with PID 8520 (C:\git\test\test\target\classes started by pc in C:\git\test\test)
2017-07-31 17:40:18.445  INFO 8520 --- [restartedMain] com.xx.test.App                          : No active profile set, falling back to default profiles: default
2017-07-31 17:40:18.452  INFO 8520 --- [restartedMain] ationConfigEmbeddedWebApplicationContext : Refreshing org.springframework.boot.context.embedded.AnnotationConfigEmbeddedWebApplicationContext@430a7d61: startup date [Mon Jul 31 17:40:18 CST 2017]; root of context hierarchy
2017-07-31 17:40:21.075  INFO 8520 --- [restartedMain] s.b.c.e.t.TomcatEmbeddedServletContainer : Tomcat initialized with port(s): 8080 (http)
2017-07-31 17:40:21.080  INFO 8520 --- [restartedMain] o.apache.catalina.core.StandardService   : Starting service [Tomcat]
2017-07-31 17:40:21.080  INFO 8520 --- [restartedMain] org.apache.catalina.core.StandardEngine  : Starting Servlet Engine: Apache Tomcat/8.5.15
2017-07-31 17:40:21.146  INFO 8520 --- [localhost-startStop-1] o.a.c.c.C.[Tomcat-8].[localhost].[/]     : Initializing Spring embedded WebApplicationContext
2017-07-31 17:40:21.148  INFO 8520 --- [localhost-startStop-1] o.s.web.context.ContextLoader            : Root WebApplicationContext: initialization completed in 2696 ms
2017-07-31 17:40:21.220  INFO 8520 --- [localhost-startStop-1] o.s.b.w.servlet.ServletRegistrationBean  : Mapping servlet: 'dispatcherServlet' to [/]
2017-07-31 17:40:21.221  INFO 8520 --- [localhost-startStop-1] o.s.b.w.servlet.FilterRegistrationBean   : Mapping filter: 'characterEncodingFilter' to: [/*]
2017-07-31 17:40:21.221  INFO 8520 --- [localhost-startStop-1] o.s.b.w.servlet.FilterRegistrationBean   : Mapping filter: 'hiddenHttpMethodFilter' to: [/*]
2017-07-31 17:40:21.221  INFO 8520 --- [localhost-startStop-1] o.s.b.w.servlet.FilterRegistrationBean   : Mapping filter: 'httpPutFormContentFilter' to: [/*]
2017-07-31 17:40:21.222  INFO 8520 --- [localhost-startStop-1] o.s.b.w.servlet.FilterRegistrationBean   : Mapping filter: 'requestContextFilter' to: [/*]
2017-07-31 17:40:21.352  INFO 8520 --- [restartedMain] j.LocalContainerEntityManagerFactoryBean : Building JPA container EntityManagerFactory for persistence unit 'default'
2017-07-31 17:40:21.353  INFO 8520 --- [restartedMain] o.hibernate.jpa.internal.util.LogHelper  : HHH000204: Processing PersistenceUnitInfo [
	name: default
	...]
2017-07-31 17:40:21.547  INFO 8520 --- [restartedMain] com.alibaba.druid.pool.DruidDataSource   : {dataSource-46} inited
2017-07-31 17:40:21.549  INFO 8520 --- [restartedMain] org.hibernate.dialect.Dialect            : HHH000400: Using dialect: org.hibernate.dialect.MySQL5Dialect
2017-07-31 17:40:21.824  INFO 8520 --- [restartedMain] org.hibernate.tool.hbm2ddl.SchemaUpdate  : HHH000228: Running hbm2ddl schema update
2017-07-31 17:40:22.133  INFO 8520 --- [restartedMain] j.LocalContainerEntityManagerFactoryBean : Initialized JPA EntityManagerFactory for persistence unit 'default'
2017-07-31 17:40:22.654  INFO 8520 --- [restartedMain] s.w.s.m.m.a.RequestMappingHandlerAdapter : Looking for @ControllerAdvice: org.springframework.boot.context.embedded.AnnotationConfigEmbeddedWebApplicationContext@430a7d61: startup date [Mon Jul 31 17:40:18 CST 2017]; root of context hierarchy
2017-07-31 17:40:22.672  INFO 8520 --- [restartedMain] s.w.s.m.m.a.RequestMappingHandlerMapping : Mapped "{[/]}" onto public java.lang.String com.xx.test.App.index()
2017-07-31 17:40:22.673  INFO 8520 --- [restartedMain] s.w.s.m.m.a.RequestMappingHandlerMapping : Mapped "{[/test/add],methods=[GET]}" onto public void com.xx.test.Controller.LoginController.add(javax.servlet.http.HttpServletRequest,javax.servlet.http.HttpServletResponse)
2017-07-31 17:40:22.675  INFO 8520 --- [restartedMain] s.w.s.m.m.a.RequestMappingHandlerMapping : Mapped "{[/login/checkLogin],methods=[POST]}" onto public java.lang.String com.xx.test.Controller.LoginController.login(com.xx.test.Model.UserInfo,org.springframework.ui.Model)
2017-07-31 17:40:22.676  INFO 8520 --- [restartedMain] s.w.s.m.m.a.RequestMappingHandlerMapping : Mapped "{[/login],methods=[GET]}" onto public org.springframework.web.servlet.ModelAndView com.xx.test.Controller.LoginController.toLogin(javax.servlet.http.HttpServletRequest,javax.servlet.http.HttpServletResponse)
2017-07-31 17:40:22.677  INFO 8520 --- [restartedMain] s.w.s.m.m.a.RequestMappingHandlerMapping : Mapped "{[/login/openMainPage],methods=[POST]}" onto public org.springframework.web.servlet.ModelAndView com.xx.test.Controller.LoginController.openMainPage(javax.servlet.http.HttpServletRequest,javax.servlet.http.HttpServletResponse)
2017-07-31 17:40:22.677  INFO 8520 --- [restartedMain] s.w.s.m.m.a.RequestMappingHandlerMapping : Mapped "{[/index/initMainMenu],methods=[GET]}" onto public java.lang.String com.xx.test.Controller.MainController.initMainMenu(javax.servlet.http.HttpServletRequest,javax.servlet.http.HttpServletResponse)
2017-07-31 17:40:22.680  INFO 8520 --- [restartedMain] s.w.s.m.m.a.RequestMappingHandlerMapping : Mapped "{[/error]}" onto public org.springframework.http.ResponseEntity<java.util.Map<java.lang.String, java.lang.Object>> org.springframework.boot.autoconfigure.web.BasicErrorController.error(javax.servlet.http.HttpServletRequest)
2017-07-31 17:40:22.681  INFO 8520 --- [restartedMain] s.w.s.m.m.a.RequestMappingHandlerMapping : Mapped "{[/error],produces=[text/html]}" onto public org.springframework.web.servlet.ModelAndView org.springframework.boot.autoconfigure.web.BasicErrorController.errorHtml(javax.servlet.http.HttpServletRequest,javax.servlet.http.HttpServletResponse)
2017-07-31 17:40:22.692  INFO 8520 --- [restartedMain] o.s.w.s.handler.SimpleUrlHandlerMapping  : Mapped URL path [/webjars/**] onto handler of type [class org.springframework.web.servlet.resource.ResourceHttpRequestHandler]
2017-07-31 17:40:22.692  INFO 8520 --- [restartedMain] o.s.w.s.handler.SimpleUrlHandlerMapping  : Mapped URL path [/**] onto handler of type [class org.springframework.web.servlet.resource.ResourceHttpRequestHandler]
2017-07-31 17:40:22.714  INFO 8520 --- [restartedMain] o.s.w.s.handler.SimpleUrlHandlerMapping  : Mapped URL path [/**/favicon.ico] onto handler of type [class org.springframework.web.servlet.resource.ResourceHttpRequestHandler]
2017-07-31 17:40:22.738  WARN 8520 --- [restartedMain] org.thymeleaf.templatemode.TemplateMode  : [THYMELEAF][restartedMain] Template Mode 'HTML5' is deprecated. Using Template Mode 'HTML' instead.
2017-07-31 17:40:22.954  INFO 8520 --- [restartedMain] o.s.b.d.a.OptionalLiveReloadServer       : LiveReload server is running on port 35729
2017-07-31 17:40:23.122  INFO 8520 --- [restartedMain] o.s.j.e.a.AnnotationMBeanExporter        : Registering beans for JMX exposure on startup
2017-07-31 17:40:23.123  INFO 8520 --- [restartedMain] o.s.j.e.a.AnnotationMBeanExporter        : Bean with name 'dataSource' has been autodetected for JMX exposure
2017-07-31 17:40:23.137  INFO 8520 --- [restartedMain] o.s.j.e.a.AnnotationMBeanExporter        : Located MBean 'dataSource': registering with JMX server as MBean [com.alibaba.druid.pool:name=dataSource,type=DruidDataSource]
2017-07-31 17:40:23.171  INFO 8520 --- [restartedMain] s.b.c.e.t.TomcatEmbeddedServletContainer : Tomcat started on port(s): 8080 (http)
2017-07-31 17:40:23.175  INFO 8520 --- [restartedMain] com.xx.test.App                          : Started App in 4.959 seconds (JVM running for 29237.128)
2017-07-31 17:40:33.965  INFO 8520 --- [Thread-252] ationConfigEmbeddedWebApplicationContext : Closing org.springframework.boot.context.embedded.AnnotationConfigEmbeddedWebApplicationContext@430a7d61: startup date [Mon Jul 31 17:40:18 CST 2017]; root of context hierarchy
2017-07-31 17:40:33.968  INFO 8520 --- [Thread-252] o.s.j.e.a.AnnotationMBeanExporter        : Unregistering JMX-exposed beans on shutdown
2017-07-31 17:40:33.969  INFO 8520 --- [Thread-252] o.s.j.e.a.AnnotationMBeanExporter        : Unregistering JMX-exposed beans
2017-07-31 17:40:33.970  INFO 8520 --- [Thread-252] j.LocalContainerEntityManagerFactoryBean : Closing JPA EntityManagerFactory for persistence unit 'default'
2017-07-31 17:40:33.982  INFO 8520 --- [Thread-252] com.alibaba.druid.pool.DruidDataSource   : {dataSource-46} closed
2017-07-31 17:40:41.829  INFO 8520 --- [restartedMain] com.xx.test.App                          : Starting App on pc-PC with PID 8520 (C:\git\test\test\target\classes started by pc in C:\git\test\test)
2017-07-31 17:40:41.830  INFO 8520 --- [restartedMain] com.xx.test.App                          : No active profile set, falling back to default profiles: default
2017-07-31 17:40:41.835  INFO 8520 --- [restartedMain] ationConfigEmbeddedWebApplicationContext : Refreshing org.springframework.boot.context.embedded.AnnotationConfigEmbeddedWebApplicationContext@3a268170: startup date [Mon Jul 31 17:40:41 CST 2017]; root of context hierarchy
2017-07-31 17:40:44.433  INFO 8520 --- [restartedMain] s.b.c.e.t.TomcatEmbeddedServletContainer : Tomcat initialized with port(s): 8080 (http)
2017-07-31 17:40:44.436  INFO 8520 --- [restartedMain] o.apache.catalina.core.StandardService   : Starting service [Tomcat]
2017-07-31 17:40:44.436  INFO 8520 --- [restartedMain] org.apache.catalina.core.StandardEngine  : Starting Servlet Engine: Apache Tomcat/8.5.15
2017-07-31 17:40:44.491  INFO 8520 --- [localhost-startStop-1] o.a.c.c.C.[Tomcat-8].[localhost].[/]     : Initializing Spring embedded WebApplicationContext
2017-07-31 17:40:44.493  INFO 8520 --- [localhost-startStop-1] o.s.web.context.ContextLoader            : Root WebApplicationContext: initialization completed in 2658 ms
2017-07-31 17:40:44.573  INFO 8520 --- [localhost-startStop-1] o.s.b.w.servlet.ServletRegistrationBean  : Mapping servlet: 'dispatcherServlet' to [/]
2017-07-31 17:40:44.575  INFO 8520 --- [localhost-startStop-1] o.s.b.w.servlet.FilterRegistrationBean   : Mapping filter: 'characterEncodingFilter' to: [/*]
2017-07-31 17:40:44.576  INFO 8520 --- [localhost-startStop-1] o.s.b.w.servlet.FilterRegistrationBean   : Mapping filter: 'hiddenHttpMethodFilter' to: [/*]
2017-07-31 17:40:44.577  INFO 8520 --- [localhost-startStop-1] o.s.b.w.servlet.FilterRegistrationBean   : Mapping filter: 'httpPutFormContentFilter' to: [/*]
2017-07-31 17:40:44.577  INFO 8520 --- [localhost-startStop-1] o.s.b.w.servlet.FilterRegistrationBean   : Mapping filter: 'requestContextFilter' to: [/*]
2017-07-31 17:40:44.921  INFO 8520 --- [restartedMain] j.LocalContainerEntityManagerFactoryBean : Building JPA container EntityManagerFactory for persistence unit 'default'
2017-07-31 17:40:44.922  INFO 8520 --- [restartedMain] o.hibernate.jpa.internal.util.LogHelper  : HHH000204: Processing PersistenceUnitInfo [
	name: default
	...]
2017-07-31 17:40:45.282  INFO 8520 --- [restartedMain] com.alibaba.druid.pool.DruidDataSource   : {dataSource-47} inited
2017-07-31 17:40:45.283  INFO 8520 --- [restartedMain] org.hibernate.dialect.Dialect            : HHH000400: Using dialect: org.hibernate.dialect.MySQL5Dialect
2017-07-31 17:40:45.520  INFO 8520 --- [restartedMain] org.hibernate.tool.hbm2ddl.SchemaUpdate  : HHH000228: Running hbm2ddl schema update
2017-07-31 17:40:45.898  INFO 8520 --- [restartedMain] j.LocalContainerEntityManagerFactoryBean : Initialized JPA EntityManagerFactory for persistence unit 'default'
2017-07-31 17:40:46.378  INFO 8520 --- [restartedMain] s.w.s.m.m.a.RequestMappingHandlerAdapter : Looking for @ControllerAdvice: org.springframework.boot.context.embedded.AnnotationConfigEmbeddedWebApplicationContext@3a268170: startup date [Mon Jul 31 17:40:41 CST 2017]; root of context hierarchy
2017-07-31 17:40:46.430  INFO 8520 --- [restartedMain] s.w.s.m.m.a.RequestMappingHandlerMapping : Mapped "{[/]}" onto public java.lang.String com.xx.test.App.index()
2017-07-31 17:40:46.431  INFO 8520 --- [restartedMain] s.w.s.m.m.a.RequestMappingHandlerMapping : Mapped "{[/test/add],methods=[GET]}" onto public void com.xx.test.Controller.LoginController.add(javax.servlet.http.HttpServletRequest,javax.servlet.http.HttpServletResponse)
2017-07-31 17:40:46.432  INFO 8520 --- [restartedMain] s.w.s.m.m.a.RequestMappingHandlerMapping : Mapped "{[/login/checkLogin],methods=[POST]}" onto public java.lang.String com.xx.test.Controller.LoginController.login(com.xx.test.Model.UserInfo,org.springframework.ui.Model)
2017-07-31 17:40:46.437  INFO 8520 --- [restartedMain] s.w.s.m.m.a.RequestMappingHandlerMapping : Mapped "{[/login],methods=[GET]}" onto public org.springframework.web.servlet.ModelAndView com.xx.test.Controller.LoginController.toLogin(javax.servlet.http.HttpServletRequest,javax.servlet.http.HttpServletResponse)
2017-07-31 17:40:46.438  INFO 8520 --- [restartedMain] s.w.s.m.m.a.RequestMappingHandlerMapping : Mapped "{[/login/openMainPage],methods=[POST]}" onto public org.springframework.web.servlet.ModelAndView com.xx.test.Controller.LoginController.openMainPage(javax.servlet.http.HttpServletRequest,javax.servlet.http.HttpServletResponse)
2017-07-31 17:40:46.462  INFO 8520 --- [restartedMain] s.w.s.m.m.a.RequestMappingHandlerMapping : Mapped "{[/index/initMainMenu],methods=[GET]}" onto public java.lang.String com.xx.test.Controller.MainController.initMainMenu(javax.servlet.http.HttpServletRequest,javax.servlet.http.HttpServletResponse)
2017-07-31 17:40:46.466  INFO 8520 --- [restartedMain] s.w.s.m.m.a.RequestMappingHandlerMapping : Mapped "{[/error]}" onto public org.springframework.http.ResponseEntity<java.util.Map<java.lang.String, java.lang.Object>> org.springframework.boot.autoconfigure.web.BasicErrorController.error(javax.servlet.http.HttpServletRequest)
2017-07-31 17:40:46.467  INFO 8520 --- [restartedMain] s.w.s.m.m.a.RequestMappingHandlerMapping : Mapped "{[/error],produces=[text/html]}" onto public org.springframework.web.servlet.ModelAndView org.springframework.boot.autoconfigure.web.BasicErrorController.errorHtml(javax.servlet.http.HttpServletRequest,javax.servlet.http.HttpServletResponse)
2017-07-31 17:40:46.486  INFO 8520 --- [restartedMain] o.s.w.s.handler.SimpleUrlHandlerMapping  : Mapped URL path [/webjars/**] onto handler of type [class org.springframework.web.servlet.resource.ResourceHttpRequestHandler]
2017-07-31 17:40:46.487  INFO 8520 --- [restartedMain] o.s.w.s.handler.SimpleUrlHandlerMapping  : Mapped URL path [/**] onto handler of type [class org.springframework.web.servlet.resource.ResourceHttpRequestHandler]
2017-07-31 17:40:46.550  INFO 8520 --- [restartedMain] o.s.w.s.handler.SimpleUrlHandlerMapping  : Mapped URL path [/**/favicon.ico] onto handler of type [class org.springframework.web.servlet.resource.ResourceHttpRequestHandler]
2017-07-31 17:40:46.730  WARN 8520 --- [restartedMain] org.thymeleaf.templatemode.TemplateMode  : [THYMELEAF][restartedMain] Template Mode 'HTML5' is deprecated. Using Template Mode 'HTML' instead.
2017-07-31 17:40:47.221  INFO 8520 --- [restartedMain] o.s.b.d.a.OptionalLiveReloadServer       : LiveReload server is running on port 35729
2017-07-31 17:40:47.378  INFO 8520 --- [restartedMain] o.s.j.e.a.AnnotationMBeanExporter        : Registering beans for JMX exposure on startup
2017-07-31 17:40:47.378  INFO 8520 --- [restartedMain] o.s.j.e.a.AnnotationMBeanExporter        : Bean with name 'dataSource' has been autodetected for JMX exposure
2017-07-31 17:40:47.392  INFO 8520 --- [restartedMain] o.s.j.e.a.AnnotationMBeanExporter        : Located MBean 'dataSource': registering with JMX server as MBean [com.alibaba.druid.pool:name=dataSource,type=DruidDataSource]
2017-07-31 17:40:47.465  INFO 8520 --- [restartedMain] s.b.c.e.t.TomcatEmbeddedServletContainer : Tomcat started on port(s): 8080 (http)
2017-07-31 17:40:47.469  INFO 8520 --- [restartedMain] com.xx.test.App                          : Started App in 6.083 seconds (JVM running for 29261.422)
2017-07-31 17:41:21.850  INFO 8520 --- [Thread-258] ationConfigEmbeddedWebApplicationContext : Closing org.springframework.boot.context.embedded.AnnotationConfigEmbeddedWebApplicationContext@3a268170: startup date [Mon Jul 31 17:40:41 CST 2017]; root of context hierarchy
2017-07-31 17:41:21.854  INFO 8520 --- [Thread-258] o.s.j.e.a.AnnotationMBeanExporter        : Unregistering JMX-exposed beans on shutdown
2017-07-31 17:41:21.856  INFO 8520 --- [Thread-258] o.s.j.e.a.AnnotationMBeanExporter        : Unregistering JMX-exposed beans
2017-07-31 17:41:21.857  INFO 8520 --- [Thread-258] j.LocalContainerEntityManagerFactoryBean : Closing JPA EntityManagerFactory for persistence unit 'default'
2017-07-31 17:41:21.862  INFO 8520 --- [Thread-258] com.alibaba.druid.pool.DruidDataSource   : {dataSource-47} closed
2017-07-31 17:41:28.843  INFO 8520 --- [restartedMain] com.xx.test.App                          : Starting App on pc-PC with PID 8520 (C:\git\test\test\target\classes started by pc in C:\git\test\test)
2017-07-31 17:41:28.844  INFO 8520 --- [restartedMain] com.xx.test.App                          : No active profile set, falling back to default profiles: default
2017-07-31 17:41:28.856  INFO 8520 --- [restartedMain] ationConfigEmbeddedWebApplicationContext : Refreshing org.springframework.boot.context.embedded.AnnotationConfigEmbeddedWebApplicationContext@40e0a9db: startup date [Mon Jul 31 17:41:28 CST 2017]; root of context hierarchy
2017-07-31 17:41:32.407  INFO 8520 --- [restartedMain] s.b.c.e.t.TomcatEmbeddedServletContainer : Tomcat initialized with port(s): 8080 (http)
2017-07-31 17:41:32.409  INFO 8520 --- [restartedMain] o.apache.catalina.core.StandardService   : Starting service [Tomcat]
2017-07-31 17:41:32.410  INFO 8520 --- [restartedMain] org.apache.catalina.core.StandardEngine  : Starting Servlet Engine: Apache Tomcat/8.5.15
2017-07-31 17:41:32.479  INFO 8520 --- [localhost-startStop-1] o.a.c.c.C.[Tomcat-8].[localhost].[/]     : Initializing Spring embedded WebApplicationContext
2017-07-31 17:41:32.480  INFO 8520 --- [localhost-startStop-1] o.s.web.context.ContextLoader            : Root WebApplicationContext: initialization completed in 3625 ms
2017-07-31 17:41:32.578  INFO 8520 --- [localhost-startStop-1] o.s.b.w.servlet.ServletRegistrationBean  : Mapping servlet: 'dispatcherServlet' to [/]
2017-07-31 17:41:32.579  INFO 8520 --- [localhost-startStop-1] o.s.b.w.servlet.FilterRegistrationBean   : Mapping filter: 'characterEncodingFilter' to: [/*]
2017-07-31 17:41:32.580  INFO 8520 --- [localhost-startStop-1] o.s.b.w.servlet.FilterRegistrationBean   : Mapping filter: 'hiddenHttpMethodFilter' to: [/*]
2017-07-31 17:41:32.580  INFO 8520 --- [localhost-startStop-1] o.s.b.w.servlet.FilterRegistrationBean   : Mapping filter: 'httpPutFormContentFilter' to: [/*]
2017-07-31 17:41:32.581  INFO 8520 --- [localhost-startStop-1] o.s.b.w.servlet.FilterRegistrationBean   : Mapping filter: 'requestContextFilter' to: [/*]
2017-07-31 17:41:32.761  INFO 8520 --- [restartedMain] j.LocalContainerEntityManagerFactoryBean : Building JPA container EntityManagerFactory for persistence unit 'default'
2017-07-31 17:41:32.762  INFO 8520 --- [restartedMain] o.hibernate.jpa.internal.util.LogHelper  : HHH000204: Processing PersistenceUnitInfo [
	name: default
	...]
2017-07-31 17:41:32.967  INFO 8520 --- [restartedMain] com.alibaba.druid.pool.DruidDataSource   : {dataSource-48} inited
2017-07-31 17:41:32.968  INFO 8520 --- [restartedMain] org.hibernate.dialect.Dialect            : HHH000400: Using dialect: org.hibernate.dialect.MySQL5Dialect
2017-07-31 17:41:33.242  INFO 8520 --- [restartedMain] org.hibernate.tool.hbm2ddl.SchemaUpdate  : HHH000228: Running hbm2ddl schema update
2017-07-31 17:41:33.537  INFO 8520 --- [restartedMain] j.LocalContainerEntityManagerFactoryBean : Initialized JPA EntityManagerFactory for persistence unit 'default'
2017-07-31 17:41:34.294  INFO 8520 --- [restartedMain] s.w.s.m.m.a.RequestMappingHandlerAdapter : Looking for @ControllerAdvice: org.springframework.boot.context.embedded.AnnotationConfigEmbeddedWebApplicationContext@40e0a9db: startup date [Mon Jul 31 17:41:28 CST 2017]; root of context hierarchy
2017-07-31 17:41:34.314  INFO 8520 --- [restartedMain] s.w.s.m.m.a.RequestMappingHandlerMapping : Mapped "{[/]}" onto public java.lang.String com.xx.test.App.index()
2017-07-31 17:41:34.316  INFO 8520 --- [restartedMain] s.w.s.m.m.a.RequestMappingHandlerMapping : Mapped "{[/test/add],methods=[GET]}" onto public void com.xx.test.Controller.LoginController.add(javax.servlet.http.HttpServletRequest,javax.servlet.http.HttpServletResponse)
2017-07-31 17:41:34.317  INFO 8520 --- [restartedMain] s.w.s.m.m.a.RequestMappingHandlerMapping : Mapped "{[/login/checkLogin],methods=[POST]}" onto public java.lang.String com.xx.test.Controller.LoginController.login(com.xx.test.Model.UserInfo,org.springframework.ui.Model)
2017-07-31 17:41:34.321  INFO 8520 --- [restartedMain] s.w.s.m.m.a.RequestMappingHandlerMapping : Mapped "{[/login],methods=[GET]}" onto public org.springframework.web.servlet.ModelAndView com.xx.test.Controller.LoginController.toLogin(javax.servlet.http.HttpServletRequest,javax.servlet.http.HttpServletResponse)
2017-07-31 17:41:34.322  INFO 8520 --- [restartedMain] s.w.s.m.m.a.RequestMappingHandlerMapping : Mapped "{[/login/openMainPage],methods=[POST]}" onto public org.springframework.web.servlet.ModelAndView com.xx.test.Controller.LoginController.openMainPage(javax.servlet.http.HttpServletRequest,javax.servlet.http.HttpServletResponse)
2017-07-31 17:41:34.323  INFO 8520 --- [restartedMain] s.w.s.m.m.a.RequestMappingHandlerMapping : Mapped "{[/index/initMainMenu],methods=[GET]}" onto public java.lang.String com.xx.test.Controller.MainController.initMainMenu(javax.servlet.http.HttpServletRequest,javax.servlet.http.HttpServletResponse)
2017-07-31 17:41:34.326  INFO 8520 --- [restartedMain] s.w.s.m.m.a.RequestMappingHandlerMapping : Mapped "{[/error]}" onto public org.springframework.http.ResponseEntity<java.util.Map<java.lang.String, java.lang.Object>> org.springframework.boot.autoconfigure.web.BasicErrorController.error(javax.servlet.http.HttpServletRequest)
2017-07-31 17:41:34.327  INFO 8520 --- [restartedMain] s.w.s.m.m.a.RequestMappingHandlerMapping : Mapped "{[/error],produces=[text/html]}" onto public org.springframework.web.servlet.ModelAndView org.springframework.boot.autoconfigure.web.BasicErrorController.errorHtml(javax.servlet.http.HttpServletRequest,javax.servlet.http.HttpServletResponse)
2017-07-31 17:41:34.341  INFO 8520 --- [restartedMain] o.s.w.s.handler.SimpleUrlHandlerMapping  : Mapped URL path [/webjars/**] onto handler of type [class org.springframework.web.servlet.resource.ResourceHttpRequestHandler]
2017-07-31 17:41:34.342  INFO 8520 --- [restartedMain] o.s.w.s.handler.SimpleUrlHandlerMapping  : Mapped URL path [/**] onto handler of type [class org.springframework.web.servlet.resource.ResourceHttpRequestHandler]
2017-07-31 17:41:34.368  INFO 8520 --- [restartedMain] o.s.w.s.handler.SimpleUrlHandlerMapping  : Mapped URL path [/**/favicon.ico] onto handler of type [class org.springframework.web.servlet.resource.ResourceHttpRequestHandler]
2017-07-31 17:41:34.407  WARN 8520 --- [restartedMain] org.thymeleaf.templatemode.TemplateMode  : [THYMELEAF][restartedMain] Template Mode 'HTML5' is deprecated. Using Template Mode 'HTML' instead.
2017-07-31 17:41:34.919  INFO 8520 --- [restartedMain] o.s.b.d.a.OptionalLiveReloadServer       : LiveReload server is running on port 35729
2017-07-31 17:41:35.242  INFO 8520 --- [restartedMain] o.s.j.e.a.AnnotationMBeanExporter        : Registering beans for JMX exposure on startup
2017-07-31 17:41:35.243  INFO 8520 --- [restartedMain] o.s.j.e.a.AnnotationMBeanExporter        : Bean with name 'dataSource' has been autodetected for JMX exposure
2017-07-31 17:41:35.256  INFO 8520 --- [restartedMain] o.s.j.e.a.AnnotationMBeanExporter        : Located MBean 'dataSource': registering with JMX server as MBean [com.alibaba.druid.pool:name=dataSource,type=DruidDataSource]
2017-07-31 17:41:35.284  INFO 8520 --- [restartedMain] s.b.c.e.t.TomcatEmbeddedServletContainer : Tomcat started on port(s): 8080 (http)
2017-07-31 17:41:35.289  INFO 8520 --- [restartedMain] com.xx.test.App                          : Started App in 6.931 seconds (JVM running for 29309.242)
